23:10:51 [types] Generated 222ms
23:10:51 [check] Getting diagnostics for Astro files in C:\wpa\DOCKERS\curriculum\Curriculum_java...
[96mplaywright.config.ts[0m:[93m27[0m:[93m31[0m - [91merror[0m[90m ts(2580): [0mCannot find name 'process'. Do you need to install type definitions for node? Try `npm i --save-dev @types/node`.

[7m27[0m         reuseExistingServer: !process.env.CI,
[7m  [0m [91m                              ~~~~~~~[0m
[96mplaywright.config.ts[0m:[93m8[0m:[93m14[0m - [91merror[0m[90m ts(2580): [0mCannot find name 'process'. Do you need to install type definitions for node? Try `npm i --save-dev @types/node`.

[7m8[0m     workers: process.env.CI ? 1 : undefined,
[7m [0m [91m             ~~~~~~~[0m
[96mplaywright.config.ts[0m:[93m7[0m:[93m14[0m - [91merror[0m[90m ts(2580): [0mCannot find name 'process'. Do you need to install type definitions for node? Try `npm i --save-dev @types/node`.

[7m7[0m     retries: process.env.CI ? 2 : 0,
[7m [0m [91m             ~~~~~~~[0m
[96mplaywright.config.ts[0m:[93m6[0m:[93m19[0m - [91merror[0m[90m ts(2580): [0mCannot find name 'process'. Do you need to install type definitions for node? Try `npm i --save-dev @types/node`.

[7m6[0m     forbidOnly: !!process.env.CI,
[7m [0m [91m                  ~~~~~~~[0m

[96msrc/components/terminal/Terminal.astro[0m:[93m45[0m:[93m9[0m - [93mwarning[0m[90m astro(4000): [0mThis script will be treated as if it has the `is:inline` directive because it contains an attribute. Therefore, features that require processing (e.g. using TypeScript or npm packages in the script) are unavailable.

See docs for more details: https://docs.astro.build/en/guides/client-side-scripts/#script-processing.

Add the `is:inline` directive explicitly to silence this hint.

[7m45[0m <script define:vars={{ lang, helpText: t.terminal.help_text, terminalData }}>
[7m  [0m [93m        ~~~~~~~~~~~[0m

[96msrc/pages/index.astro[0m:[93m3[0m:[93m7[0m - [93mwarning[0m[90m ts(6133): [0m'base' is declared but its value is never read.

[7m3[0m const base = import.meta.env.BASE_URL || "/Curriculum_java";
[7m [0m [93m      ~~~~[0m

Result (16 files): 
- 4 errors
- 0 warnings
- 2 hints

